[35m[1mScanning dependencies of target std_msgs_generate_messages_py[0m
[35m[1mScanning dependencies of target std_msgs_generate_messages_lisp[0m
[35m[1mScanning dependencies of target std_msgs_generate_messages_cpp[0m
[35m[1mScanning dependencies of target std_msgs_generate_messages_eus[0m
[35m[1mScanning dependencies of target std_msgs_generate_messages_nodejs[0m
[35m[1mScanning dependencies of target turtlebot3_task_xacro_generated_to_devel_space_[0m
[  0%] Built target std_msgs_generate_messages_eus
[  0%] Built target std_msgs_generate_messages_lisp
[  0%] Built target std_msgs_generate_messages_cpp
[  0%] Built target std_msgs_generate_messages_nodejs
[  0%] Built target std_msgs_generate_messages_py
[  0%] Built target turtlebot3_task_xacro_generated_to_devel_space_
[35m[1mScanning dependencies of target turtlebot3_task_generate_messages_py[0m
[35m[1mScanning dependencies of target turtlebot3_task_generate_messages_eus[0m
[35m[1mScanning dependencies of target turtlebot3_task_generate_messages_cpp[0m
[35m[1mScanning dependencies of target turtlebot3_task_generate_messages_lisp[0m
[35m[1mScanning dependencies of target turtlebot3_task_generate_messages_nodejs[0m
[  0%] Built target turtlebot3_task_generate_messages_cpp
[  0%] Built target turtlebot3_task_generate_messages_py
[  0%] Built target turtlebot3_task_generate_messages_nodejs
[  0%] Built target turtlebot3_task_generate_messages_lisp
[100%] [34m[1mGenerating EusLisp manifest code for turtlebot3_task[0m
[100%] Built target turtlebot3_task_generate_messages_eus
[35m[1mScanning dependencies of target turtlebot3_task_generate_messages[0m
[100%] Built target turtlebot3_task_generate_messages
