[35m[1mScanning dependencies of target apriltag[0m
[  2%] [32mBuilding C object CMakeFiles/apriltag.dir/common/g2d.c.o[0m
[  7%] [32mBuilding C object CMakeFiles/apriltag.dir/common/image_u8x3.c.o[0m
[  7%] [32mBuilding C object CMakeFiles/apriltag.dir/common/homography.c.o[0m
[ 15%] [32mBuilding C object CMakeFiles/apriltag.dir/apriltag_quad_thresh.c.o[0m
[ 15%] [32mBuilding C object CMakeFiles/apriltag.dir/apriltag_pose.c.o[0m
[ 15%] [32mBuilding C object CMakeFiles/apriltag.dir/common/getopt.c.o[0m
[ 17%] [32mBuilding C object CMakeFiles/apriltag.dir/apriltag.c.o[0m
[ 25%] [32mBuilding C object CMakeFiles/apriltag.dir/common/pam.c.o[0m
[ 25%] [32mBuilding C object CMakeFiles/apriltag.dir/common/matd.c.o[0m
[ 25%] [32mBuilding C object CMakeFiles/apriltag.dir/common/image_u8x4.c.o[0m
[ 30%] [32mBuilding C object CMakeFiles/apriltag.dir/common/pjpeg.c.o[0m
[ 30%] [32mBuilding C object CMakeFiles/apriltag.dir/common/pjpeg-idct.c.o[0m
[ 32%] [32mBuilding C object CMakeFiles/apriltag.dir/common/pnm.c.o[0m
[ 35%] [32mBuilding C object CMakeFiles/apriltag.dir/common/image_u8.c.o[0m
[ 37%] [32mBuilding C object CMakeFiles/apriltag.dir/common/string_util.c.o[0m
[ 40%] [32mBuilding C object CMakeFiles/apriltag.dir/common/svd22.c.o[0m
[ 42%] [32mBuilding C object CMakeFiles/apriltag.dir/common/time_util.c.o[0m
[ 45%] [32mBuilding C object CMakeFiles/apriltag.dir/common/unionfind.c.o[0m
[ 47%] [32mBuilding C object CMakeFiles/apriltag.dir/common/workerpool.c.o[0m
[ 50%] [32mBuilding C object CMakeFiles/apriltag.dir/common/zarray.c.o[0m
[ 55%] [32mBuilding C object CMakeFiles/apriltag.dir/common/zhash.c.o[0m
[ 55%] [32mBuilding C object CMakeFiles/apriltag.dir/common/zmaxheap.c.o[0m
[ 57%] [32mBuilding C object CMakeFiles/apriltag.dir/tag16h5.c.o[0m
[ 60%] [32mBuilding C object CMakeFiles/apriltag.dir/tag25h9.c.o[0m
[ 62%] [32mBuilding C object CMakeFiles/apriltag.dir/tag36h10.c.o[0m
[ 65%] [32mBuilding C object CMakeFiles/apriltag.dir/tag36h11.c.o[0m
[ 67%] [32mBuilding C object CMakeFiles/apriltag.dir/tagCircle21h7.c.o[0m
[ 70%] [32mBuilding C object CMakeFiles/apriltag.dir/tagCircle49h12.c.o[0m
[ 72%] [32mBuilding C object CMakeFiles/apriltag.dir/tagCustom48h12.c.o[0m
[ 75%] [32mBuilding C object CMakeFiles/apriltag.dir/tagStandard41h12.c.o[0m
[ 77%] [32mBuilding C object CMakeFiles/apriltag.dir/tagStandard52h13.c.o[0m
[ 80%] [32m[1mLinking C shared library libapriltag.so[0m
[ 80%] Built target apriltag
[35m[1mScanning dependencies of target opencv_demo[0m
[35m[1mScanning dependencies of target apriltag_demo[0m
[35m[1mScanning dependencies of target apriltag_python[0m
[ 82%] [32mBuilding C object CMakeFiles/apriltag_demo.dir/example/apriltag_demo.c.o[0m
[ 85%] [34m[1mGenerating apriltag_detect.docstring.h[0m
[ 87%] [34m[1mGenerating apriltag_py_type.docstring.h[0m
[ 90%] [32mBuilding CXX object CMakeFiles/opencv_demo.dir/example/opencv_demo.cc.o[0m
[ 92%] [34m[1mGenerating apriltag_pywrap.o[0m
[ 95%] [32m[1mLinking C executable apriltag_demo[0m
[ 97%] [34m[1mGenerating apriltag.cpython-38-x86_64-linux-gnu.so[0m
[ 97%] Built target apriltag_python
[ 97%] Built target apriltag_demo
[100%] [32m[1mLinking CXX executable opencv_demo[0m
[100%] Built target opencv_demo
